<?xml version="1.0" encoding="UTF-8"?>
<testng-results ignored="0" total="3" passed="3" failed="0" skipped="0">
  <reporter-output>
  </reporter-output>
  <suite started-at="2025-08-11T10:05:59 IST" name="Default suite" finished-at="2025-08-11T10:05:59 IST" duration-ms="80">
    <groups>
      <group name="Sanity">
        <method signature="grouping2.WebLoginHomeLoan()[pri:0, instance:org.sample.Maven_testNG1.grouping2@445b295b]" name="WebLoginHomeLoan" class="org.sample.Maven_testNG1.grouping2"/>
      </group> <!-- Sanity -->
      <group name="Regression">
        <method signature="grouping2.MobileLoginHomeLoan()[pri:0, instance:org.sample.Maven_testNG1.grouping2@445b295b]" name="MobileLoginHomeLoan" class="org.sample.Maven_testNG1.grouping2"/>
      </group> <!-- Regression -->
      <group name="Smoke">
        <method signature="grouping2.APILoginhomeLoan()[pri:0, instance:org.sample.Maven_testNG1.grouping2@445b295b]" name="APILoginhomeLoan" class="org.sample.Maven_testNG1.grouping2"/>
      </group> <!-- Smoke -->
    </groups>
    <test started-at="2025-08-11T10:05:59 IST" name="Default test" finished-at="2025-08-11T10:05:59 IST" duration-ms="80">
      <class name="org.sample.Maven_testNG1.grouping2">
        <test-method signature="APILoginhomeLoan()[pri:0, instance:org.sample.Maven_testNG1.grouping2@445b295b]" started-at="2025-08-11T10:05:59 IST" name="APILoginhomeLoan" finished-at="2025-08-11T10:05:59 IST" duration-ms="14" status="PASS">
          <reporter-output>
          </reporter-output>
        </test-method> <!-- APILoginhomeLoan -->
        <test-method signature="MobileLoginHomeLoan()[pri:0, instance:org.sample.Maven_testNG1.grouping2@445b295b]" started-at="2025-08-11T10:05:59 IST" name="MobileLoginHomeLoan" finished-at="2025-08-11T10:05:59 IST" duration-ms="2" status="PASS">
          <reporter-output>
          </reporter-output>
        </test-method> <!-- MobileLoginHomeLoan -->
        <test-method signature="WebLoginHomeLoan()[pri:0, instance:org.sample.Maven_testNG1.grouping2@445b295b]" started-at="2025-08-11T10:05:59 IST" name="WebLoginHomeLoan" finished-at="2025-08-11T10:05:59 IST" duration-ms="2" status="PASS">
          <reporter-output>
          </reporter-output>
        </test-method> <!-- WebLoginHomeLoan -->
      </class> <!-- org.sample.Maven_testNG1.grouping2 -->
    </test> <!-- Default test -->
  </suite> <!-- Default suite -->
</testng-results>
