<?xml version="1.0" encoding="UTF-8"?>
<testng-results ignored="0" total="1" passed="1" failed="0" skipped="0">
  <reporter-output>
  </reporter-output>
  <suite started-at="2025-07-14T10:26:27 IST" name="Default suite" finished-at="2025-07-14T10:26:37 IST" duration-ms="10784">
    <groups>
    </groups>
    <test started-at="2025-07-14T10:26:27 IST" name="Default test" finished-at="2025-07-14T10:26:37 IST" duration-ms="10784">
      <class name="org.sample.Maven_testNG1.Assertion">
        <test-method signature="GooglePage()[pri:0, instance:org.sample.Maven_testNG1.Assertion@57250572]" started-at="2025-07-14T10:26:27 IST" name="GooglePage" finished-at="2025-07-14T10:26:37 IST" duration-ms="10696" status="PASS">
          <reporter-output>
          </reporter-output>
        </test-method> <!-- GooglePage -->
      </class> <!-- org.sample.Maven_testNG1.Assertion -->
    </test> <!-- Default test -->
  </suite> <!-- Default suite -->
</testng-results>
