<?xml version="1.0" encoding="UTF-8"?>
<!-- Generated by org.testng.reporters.JUnitXMLReporter -->
<testsuite ignored="0" hostname="DESKTOP-0NR2IK8" failures="0" tests="9" name="Test" time="0.096" errors="0" timestamp="2025-06-15T12:23:09 IST">
  <testcase classname="org.sample.Maven_testNG1.grouping1" name="APILoginPersonalLoan" time="0.013"/>
  <testcase classname="org.sample.Maven_testNG1.grouping1" name="MobileLoginPersonalLoan" time="0.001"/>
  <testcase classname="org.sample.Maven_testNG1.grouping1" name="WebLoginPersonalLoan" time="0.003"/>
  <testcase classname="org.sample.Maven_testNG1.grouping2" name="APILoginhomeLoan" time="0.001"/>
  <testcase classname="org.sample.Maven_testNG1.grouping2" name="MobileLoginHomeLoan" time="0.002"/>
  <testcase classname="org.sample.Maven_testNG1.grouping2" name="WebLoginHomeLoan" time="0.002"/>
  <testcase classname="org.sample.Maven_testNG1.grouping3" name="APILoginCarLoan" time="0.002"/>
  <testcase classname="org.sample.Maven_testNG1.grouping3" name="MobileLoginCarLoan" time="0.002"/>
  <testcase classname="org.sample.Maven_testNG1.grouping3" name="WebLoginCarlLoan" time="0.002"/>
</testsuite> <!-- Test -->
