<?xml version="1.0" encoding="UTF-8"?>
<!-- Generated by org.testng.reporters.JUnitXMLReporter -->
<testsuite ignored="0" hostname="DESKTOP-0NR2IK8" failures="0" tests="3" name="Default test" time="0.08" errors="0" timestamp="2025-08-11T10:05:59 IST">
  <testcase classname="org.sample.Maven_testNG1.grouping2" name="APILoginhomeLoan" time="0.014"/>
  <testcase classname="org.sample.Maven_testNG1.grouping2" name="MobileLoginHomeLoan" time="0.002"/>
  <testcase classname="org.sample.Maven_testNG1.grouping2" name="WebLoginHomeLoan" time="0.002"/>
</testsuite> <!-- Default test -->
